C51 COMPILER V9.56.0.0   DISPLAY                                                           11/15/2018 21:16:15 PAGE 1   


C51 COMPILER V9.56.0.0, COMPILATION OF MODULE DISPLAY
OBJECT MODULE PLACED IN display.OBJ
COMPILER INVOKED BY: C:\Keil_v5\C51\BIN\C51.EXE display.c OPTIMIZE(8,SPEED) BROWSE DEBUG OBJECTEXTEND TABS(2)

line level    source

   1          #include <display.h>
   2          code unsigned char tab[] = {0xc0,0xf9,0xa4,0xb0,0x99,0x92,0x82,0xf8,0x80,0x90,0xbf,0xff,0xc6};//显示数
   3                                                                                       /*-,null,c*/
   4          unsigned char dspbuf[8] = {0x01,0x02,0x04,0x08,0x10,0x20,0x40,0x80};  //显示位
   5          void display(unsigned char position,unsigned char num)//参数1显示位置，参数2显示数
   6          {
   7   1          //段选，消隐
   8   1        P2=((P2&0x1f)|0xe0);
   9   1        P0=0xff;
  10   1        P2&=0x1f;
  11   1          //位选
  12   1        P2=((P2&0x1f)|0xc0);
  13   1        P0=dspbuf[position];
  14   1        P2&=0x1f;
  15   1           //段码输入
  16   1        P2=((P2&0x1f)|0xe0);
  17   1        P0=tab[num];
  18   1        P2&=0x1f; 
  19   1      }
  20          unsigned char i=0;
  21          void Go_display(unsigned char *array)//将获取的time数组通过指针传入
  22          {
  23   1        if(i==8)  i=0;
  24   1        else {
  25   2          display(i,array[i]);
  26   2            i++;
  27   2        }
  28   1      }


MODULE INFORMATION:   STATIC OVERLAYABLE
   CODE SIZE        =     78    ----
   CONSTANT SIZE    =     13    ----
   XDATA SIZE       =   ----    ----
   PDATA SIZE       =   ----    ----
   DATA SIZE        =      9    ----
   IDATA SIZE       =   ----    ----
   BIT SIZE         =   ----    ----
END OF MODULE INFORMATION.


C51 COMPILATION COMPLETE.  0 WARNING(S),  0 ERROR(S)
