C51 COMPILER V9.56.0.0   KEYSAN                                                            11/15/2018 21:16:17 PAGE 1   


C51 COMPILER V9.56.0.0, COMPILATION OF MODULE KEYSAN
OBJECT MODULE PLACED IN keySan.OBJ
COMPILER INVOKED BY: C:\Keil_v5\C51\BIN\C51.EXE keySan.c OPTIMIZE(8,SPEED) BROWSE DEBUG OBJECTEXTEND TABS(2)

line level    source

   1          #include "KeySan.h"
   2          
   3          sbit s7=P3^0;// ±÷”
   4          sbit s6=P3^1;//ƒ÷÷”
   5          sbit s5=P3^2;//++
   6          sbit s4=P3^3;//--
   7          
   8          void Delay200ms()   //@11.0592MHz
   9          {
  10   1        unsigned char i, j, k;
  11   1      
  12   1        _nop_();
  13   1        _nop_();
  14   1        i = 9;
  15   1        j = 104;
  16   1        k = 139;
  17   1        do
  18   1        {
  19   2          do
  20   2          {
  21   3            while (--k);
  22   3          } while (--j);
  23   2        } while (--i);
  24   1      }
  25          /*********************************
  26          i=1 -s7
  27          i=2 -s6
  28          i=3 -s5
  29          i=4 -s4
  30          ********************************/
  31          unsigned char KeySan(void)
  32          {
  33   1        if(s7==0)
  34   1          {
  35   2          Delay200ms();
  36   2          return 1;
  37   2        }
  38   1        else if(s6==0)
  39   1          {
  40   2          Delay200ms();
  41   2          return 2;
  42   2        }
  43   1        else if(s5==0)
  44   1          {
  45   2          Delay200ms();
  46   2          return 3;
  47   2        }
  48   1        else if(s4==0)
  49   1          {
  50   2          Delay200ms();
  51   2          return 4;
  52   2        }
  53   1        return 0;
  54   1      }
  55          
C51 COMPILER V9.56.0.0   KEYSAN                                                            11/15/2018 21:16:17 PAGE 2   



MODULE INFORMATION:   STATIC OVERLAYABLE
   CODE SIZE        =     54    ----
   CONSTANT SIZE    =   ----    ----
   XDATA SIZE       =   ----    ----
   PDATA SIZE       =   ----    ----
   DATA SIZE        =   ----    ----
   IDATA SIZE       =   ----    ----
   BIT SIZE         =   ----    ----
END OF MODULE INFORMATION.


C51 COMPILATION COMPLETE.  0 WARNING(S),  0 ERROR(S)
