C51 COMPILER V9.56.0.0   ONEWIRE                                                           11/15/2018 21:16:17 PAGE 1   


C51 COMPILER V9.56.0.0, COMPILATION OF MODULE ONEWIRE
OBJECT MODULE PLACED IN onewire.OBJ
COMPILER INVOKED BY: C:\Keil_v5\C51\BIN\C51.EXE onewire.c OPTIMIZE(8,SPEED) BROWSE DEBUG OBJECTEXTEND TABS(2)

line level    source

   1          #include "onewire.h"
   2          //单总线延时函数
   3          void Delay_OneWire(unsigned int t)  
   4          {
   5   1        unsigned char i;
   6   1        while(t--){
   7   2          for(i=0; i<12; i++);
   8   2        }
   9   1      }
  10          
  11          
  12          //通过单总线向DS18B20写一个字节
  13          void Write_DS18B20(unsigned char dat)
  14          {
  15   1        unsigned char i;
  16   1        for(i=0;i<8;i++)
  17   1        {
  18   2          DQ = 0;
  19   2          DQ = dat&0x01;
  20   2          Delay_OneWire(5);
  21   2          DQ = 1;
  22   2          dat >>= 1;
  23   2        }
  24   1        Delay_OneWire(5);
  25   1      }
  26          
  27          //从DS18B20读取一个字节
  28          unsigned char Read_DS18B20(void)
  29          {
  30   1        unsigned char i;
  31   1        unsigned char dat;
  32   1        
  33   1        for(i=0;i<8;i++)
  34   1        {
  35   2          DQ = 0;
  36   2          dat >>= 1;
  37   2          DQ = 1;
  38   2          if(DQ)
  39   2          {
  40   3            dat |= 0x80;
  41   3          }     
  42   2          Delay_OneWire(5);
  43   2        }
  44   1        return dat;
  45   1      }
  46          
  47          //DS18B20设备初始化
  48          bit init_ds18b20(void)
  49          {
  50   1          bit initflag = 0;
  51   1          DQ = 1;
  52   1          Delay_OneWire(12);
  53   1          DQ = 0;
  54   1          Delay_OneWire(80);
  55   1          DQ = 1;
C51 COMPILER V9.56.0.0   ONEWIRE                                                           11/15/2018 21:16:17 PAGE 2   

  56   1          Delay_OneWire(10); 
  57   1          initflag = DQ;     
  58   1          Delay_OneWire(5);
  59   1          return initflag;
  60   1      }
  61          
  62          unsigned char rd_temperature( )
  63          {
  64   1        unsigned char low,high,temp;
  65   1        init_ds18b20();
  66   1        Write_DS18B20(0xcc);
  67   1        Write_DS18B20(0x44);  
  68   1        Delay_OneWire(100);//很重要
  69   1        
  70   1        init_ds18b20();
  71   1        Write_DS18B20(0xcc);
  72   1        Write_DS18B20(0xbe);
  73   1          
  74   1        low=Read_DS18B20();
  75   1        high=Read_DS18B20();
  76   1        temp=high<<4;
  77   1        temp|=(low>>4);
  78   1        
  79   1        return temp;
  80   1      }


MODULE INFORMATION:   STATIC OVERLAYABLE
   CODE SIZE        =    174    ----
   CONSTANT SIZE    =   ----    ----
   XDATA SIZE       =   ----    ----
   PDATA SIZE       =   ----    ----
   DATA SIZE        =   ----    ----
   IDATA SIZE       =   ----    ----
   BIT SIZE         =   ----       1
END OF MODULE INFORMATION.


C51 COMPILATION COMPLETE.  0 WARNING(S),  0 ERROR(S)
